<?xml version="1.0" encoding="UTF-8"?>
<testsuite name="pl.mimuw.jnp2.projectjnp2.ProjectJnp2ApplicationTests" tests="1" skipped="0" failures="0" errors="0" timestamp="2021-07-04T15:38:36" hostname="neo" time="0.761">
  <properties/>
  <testcase name="contextLoads()" classname="pl.mimuw.jnp2.projectjnp2.ProjectJnp2ApplicationTests" time="0.761"/>
  <system-out><![CDATA[17:38:29.323 [Test worker] DEBUG org.springframework.test.context.BootstrapUtils - Instantiating CacheAwareContextLoaderDelegate from class [org.springframework.test.context.cache.DefaultCacheAwareContextLoaderDelegate]
17:38:29.336 [Test worker] DEBUG org.springframework.test.context.BootstrapUtils - Instantiating BootstrapContext using constructor [public org.springframework.test.context.support.DefaultBootstrapContext(java.lang.Class,org.springframework.test.context.CacheAwareContextLoaderDelegate)]
17:38:29.403 [Test worker] DEBUG org.springframework.test.context.BootstrapUtils - Instantiating TestContextBootstrapper for test class [pl.mimuw.jnp2.projectjnp2.ProjectJnp2ApplicationTests] from class [org.springframework.boot.test.context.SpringBootTestContextBootstrapper]
17:38:29.432 [Test worker] INFO org.springframework.boot.test.context.SpringBootTestContextBootstrapper - Neither @ContextConfiguration nor @ContextHierarchy found for test class [pl.mimuw.jnp2.projectjnp2.ProjectJnp2ApplicationTests], using SpringBootContextLoader
17:38:29.442 [Test worker] DEBUG org.springframework.test.context.support.AbstractContextLoader - Did not detect default resource location for test class [pl.mimuw.jnp2.projectjnp2.ProjectJnp2ApplicationTests]: class path resource [pl/mimuw/jnp2/projectjnp2/ProjectJnp2ApplicationTests-context.xml] does not exist
17:38:29.443 [Test worker] DEBUG org.springframework.test.context.support.AbstractContextLoader - Did not detect default resource location for test class [pl.mimuw.jnp2.projectjnp2.ProjectJnp2ApplicationTests]: class path resource [pl/mimuw/jnp2/projectjnp2/ProjectJnp2ApplicationTestsContext.groovy] does not exist
17:38:29.443 [Test worker] INFO org.springframework.test.context.support.AbstractContextLoader - Could not detect default resource locations for test class [pl.mimuw.jnp2.projectjnp2.ProjectJnp2ApplicationTests]: no resource found for suffixes {-context.xml, Context.groovy}.
17:38:29.444 [Test worker] INFO org.springframework.test.context.support.AnnotationConfigContextLoaderUtils - Could not detect default configuration classes for test class [pl.mimuw.jnp2.projectjnp2.ProjectJnp2ApplicationTests]: ProjectJnp2ApplicationTests does not declare any static, non-private, non-final, nested classes annotated with @Configuration.
17:38:29.569 [Test worker] DEBUG org.springframework.test.context.support.ActiveProfilesUtils - Could not find an 'annotation declaring class' for annotation type [org.springframework.test.context.ActiveProfiles] and class [pl.mimuw.jnp2.projectjnp2.ProjectJnp2ApplicationTests]
17:38:29.622 [Test worker] DEBUG org.springframework.context.annotation.ClassPathScanningCandidateComponentProvider - Identified candidate component class: file [/home/neo/IdeaProjects/JNP2/backend/build/classes/java/main/pl/mimuw/jnp2/projectjnp2/ProjectJnp2Application.class]
17:38:29.623 [Test worker] INFO org.springframework.boot.test.context.SpringBootTestContextBootstrapper - Found @SpringBootConfiguration pl.mimuw.jnp2.projectjnp2.ProjectJnp2Application for test class pl.mimuw.jnp2.projectjnp2.ProjectJnp2ApplicationTests
17:38:29.747 [Test worker] DEBUG org.springframework.boot.test.context.SpringBootTestContextBootstrapper - @TestExecutionListeners is not present for class [pl.mimuw.jnp2.projectjnp2.ProjectJnp2ApplicationTests]: using defaults.
17:38:29.748 [Test worker] INFO org.springframework.boot.test.context.SpringBootTestContextBootstrapper - Loaded default TestExecutionListener class names from location [META-INF/spring.factories]: [org.springframework.boot.test.autoconfigure.restdocs.RestDocsTestExecutionListener, org.springframework.boot.test.autoconfigure.web.client.MockRestServiceServerResetTestExecutionListener, org.springframework.boot.test.autoconfigure.web.servlet.MockMvcPrintOnlyOnFailureTestExecutionListener, org.springframework.boot.test.autoconfigure.web.servlet.WebDriverTestExecutionListener, org.springframework.boot.test.autoconfigure.webservices.client.MockWebServiceServerTestExecutionListener, org.springframework.boot.test.mock.mockito.MockitoTestExecutionListener, org.springframework.boot.test.mock.mockito.ResetMocksTestExecutionListener, org.springframework.test.context.web.ServletTestExecutionListener, org.springframework.test.context.support.DirtiesContextBeforeModesTestExecutionListener, org.springframework.test.context.event.ApplicationEventsTestExecutionListener, org.springframework.test.context.support.DependencyInjectionTestExecutionListener, org.springframework.test.context.support.DirtiesContextTestExecutionListener, org.springframework.test.context.transaction.TransactionalTestExecutionListener, org.springframework.test.context.jdbc.SqlScriptsTestExecutionListener, org.springframework.test.context.event.EventPublishingTestExecutionListener]
17:38:29.787 [Test worker] INFO org.springframework.boot.test.context.SpringBootTestContextBootstrapper - Using TestExecutionListeners: [org.springframework.test.context.web.ServletTestExecutionListener@3070e939, org.springframework.test.context.support.DirtiesContextBeforeModesTestExecutionListener@13255c74, org.springframework.test.context.event.ApplicationEventsTestExecutionListener@6eff78f6, org.springframework.boot.test.mock.mockito.MockitoTestExecutionListener@1c26d027, org.springframework.boot.test.autoconfigure.SpringBootDependencyInjectionTestExecutionListener@2b28dbbb, org.springframework.test.context.support.DirtiesContextTestExecutionListener@12d7f456, org.springframework.test.context.transaction.TransactionalTestExecutionListener@77a1632, org.springframework.test.context.jdbc.SqlScriptsTestExecutionListener@2d775912, org.springframework.test.context.event.EventPublishingTestExecutionListener@406fba04, org.springframework.boot.test.autoconfigure.restdocs.RestDocsTestExecutionListener@6d37831b, org.springframework.boot.test.autoconfigure.web.client.MockRestServiceServerResetTestExecutionListener@3a2bc309, org.springframework.boot.test.autoconfigure.web.servlet.MockMvcPrintOnlyOnFailureTestExecutionListener@2d83a297, org.springframework.boot.test.autoconfigure.web.servlet.WebDriverTestExecutionListener@100192b9, org.springframework.boot.test.autoconfigure.webservices.client.MockWebServiceServerTestExecutionListener@41fff4f9, org.springframework.boot.test.mock.mockito.ResetMocksTestExecutionListener@25284444]
17:38:29.791 [Test worker] DEBUG org.springframework.test.context.support.AbstractDirtiesContextTestExecutionListener - Before test class: context [DefaultTestContext@3c2c5384 testClass = ProjectJnp2ApplicationTests, testInstance = [null], testMethod = [null], testException = [null], mergedContextConfiguration = [WebMergedContextConfiguration@2d76bfe3 testClass = ProjectJnp2ApplicationTests, locations = '{}', classes = '{class pl.mimuw.jnp2.projectjnp2.ProjectJnp2Application}', contextInitializerClasses = '[]', activeProfiles = '{}', propertySourceLocations = '{}', propertySourceProperties = '{org.springframework.boot.test.context.SpringBootTestContextBootstrapper=true}', contextCustomizers = set[org.springframework.boot.test.autoconfigure.actuate.metrics.MetricsExportContextCustomizerFactory$DisableMetricExportContextCustomizer@1dcc7c9, org.springframework.boot.test.autoconfigure.properties.PropertyMappingContextCustomizer@0, org.springframework.boot.test.autoconfigure.web.servlet.WebDriverContextCustomizerFactory$Customizer@6d64d9ae, org.springframework.boot.test.context.filter.ExcludeFilterContextCustomizer@4c027c8, org.springframework.boot.test.json.DuplicateJsonObjectContextCustomizerFactory$DuplicateJsonObjectContextCustomizer@4bc3672e, org.springframework.boot.test.mock.mockito.MockitoContextCustomizer@0, org.springframework.boot.test.web.client.TestRestTemplateContextCustomizer@208b4cff, org.springframework.boot.test.context.SpringBootTestArgs@1, org.springframework.boot.test.context.SpringBootTestWebEnvironment@376cb625], resourceBasePath = 'src/main/webapp', contextLoader = 'org.springframework.boot.test.context.SpringBootContextLoader', parent = [null]], attributes = map['org.springframework.test.context.web.ServletTestExecutionListener.activateListener' -> true]], class annotated with @DirtiesContext [false] with mode [null].
17:38:29.843 [Test worker] DEBUG org.springframework.test.context.support.TestPropertySourceUtils - Adding inlined properties to environment: {spring.jmx.enabled=false, org.springframework.boot.test.context.SpringBootTestContextBootstrapper=true}

  .   ____          _            __ _ _
 /\\ / ___'_ __ _ _(_)_ __  __ _ \ \ \ \
( ( )\___ | '_ | '_| | '_ \/ _` | \ \ \ \
 \\/  ___)| |_)| | | | | || (_| |  ) ) ) )
  '  |____| .__|_| |_|_| |_\__, | / / / /
 =========|_|==============|___/=/_/_/_/
 :: Spring Boot ::                (v2.4.5)

2021-07-04 17:38:30.320  INFO 32635 --- [    Test worker] p.m.j.p.ProjectJnp2ApplicationTests      : Starting ProjectJnp2ApplicationTests using Java 14.0.2 on neo with PID 32635 (started by neo in /home/neo/IdeaProjects/JNP2/backend)
2021-07-04 17:38:30.324  INFO 32635 --- [    Test worker] p.m.j.p.ProjectJnp2ApplicationTests      : No active profile set, falling back to default profiles: default
2021-07-04 17:38:33.312  INFO 32635 --- [    Test worker] o.s.s.concurrent.ThreadPoolTaskExecutor  : Initializing ExecutorService 'applicationTaskExecutor'
2021-07-04 17:38:35.928  INFO 32635 --- [    Test worker] o.a.c.c.jackson.JacksonDataFormat        : The option autoDiscoverObjectMapper is set to false, Camel won't search in the registry
2021-07-04 17:38:35.928  INFO 32635 --- [    Test worker] o.a.c.c.jackson.JacksonDataFormat        : The option autoDiscoverObjectMapper is set to false, Camel won't search in the registry
2021-07-04 17:38:35.958  INFO 32635 --- [    Test worker] o.a.c.impl.engine.AbstractCamelContext   : Routes startup summary (total:4 started:4)
2021-07-04 17:38:35.962  INFO 32635 --- [    Test worker] o.a.c.impl.engine.AbstractCamelContext   :     Started route1 (file://magic_folder)
2021-07-04 17:38:35.962  INFO 32635 --- [    Test worker] o.a.c.impl.engine.AbstractCamelContext   :     Started route2 (direct://zipper)
2021-07-04 17:38:35.963  INFO 32635 --- [    Test worker] o.a.c.impl.engine.AbstractCamelContext   :     Started route3 (direct://showFile)
2021-07-04 17:38:35.963  INFO 32635 --- [    Test worker] o.a.c.impl.engine.AbstractCamelContext   :     Started route4 (rest://get:/showFile:/%7BfileName%7D)
2021-07-04 17:38:35.963  INFO 32635 --- [    Test worker] o.a.c.impl.engine.AbstractCamelContext   : Apache Camel 3.9.0 (camel-1) started in 1s11ms (build:145ms init:774ms start:92ms)
2021-07-04 17:38:35.973  INFO 32635 --- [    Test worker] p.m.j.p.ProjectJnp2ApplicationTests      : Started ProjectJnp2ApplicationTests in 6.121 seconds (JVM running for 7.409)
]]></system-out>
  <system-err><![CDATA[]]></system-err>
</testsuite>
