<?xml version="1.0" encoding="UTF-8"?>
<testsuite name="front.jnp2.FrontJnp2ApplicationTests" tests="1" skipped="0" failures="0" errors="0" timestamp="2021-07-04T17:20:10" hostname="neo" time="0.239">
  <properties/>
  <testcase name="contextLoads()" classname="front.jnp2.FrontJnp2ApplicationTests" time="0.239"/>
  <system-out><![CDATA[19:20:07.679 [Test worker] DEBUG org.springframework.test.context.BootstrapUtils - Instantiating CacheAwareContextLoaderDelegate from class [org.springframework.test.context.cache.DefaultCacheAwareContextLoaderDelegate]
19:20:07.689 [Test worker] DEBUG org.springframework.test.context.BootstrapUtils - Instantiating BootstrapContext using constructor [public org.springframework.test.context.support.DefaultBootstrapContext(java.lang.Class,org.springframework.test.context.CacheAwareContextLoaderDelegate)]
19:20:07.717 [Test worker] DEBUG org.springframework.test.context.BootstrapUtils - Instantiating TestContextBootstrapper for test class [front.jnp2.FrontJnp2ApplicationTests] from class [org.springframework.boot.test.context.SpringBootTestContextBootstrapper]
19:20:07.727 [Test worker] INFO org.springframework.boot.test.context.SpringBootTestContextBootstrapper - Neither @ContextConfiguration nor @ContextHierarchy found for test class [front.jnp2.FrontJnp2ApplicationTests], using SpringBootContextLoader
19:20:07.730 [Test worker] DEBUG org.springframework.test.context.support.AbstractContextLoader - Did not detect default resource location for test class [front.jnp2.FrontJnp2ApplicationTests]: class path resource [front/jnp2/FrontJnp2ApplicationTests-context.xml] does not exist
19:20:07.731 [Test worker] DEBUG org.springframework.test.context.support.AbstractContextLoader - Did not detect default resource location for test class [front.jnp2.FrontJnp2ApplicationTests]: class path resource [front/jnp2/FrontJnp2ApplicationTestsContext.groovy] does not exist
19:20:07.731 [Test worker] INFO org.springframework.test.context.support.AbstractContextLoader - Could not detect default resource locations for test class [front.jnp2.FrontJnp2ApplicationTests]: no resource found for suffixes {-context.xml, Context.groovy}.
19:20:07.732 [Test worker] INFO org.springframework.test.context.support.AnnotationConfigContextLoaderUtils - Could not detect default configuration classes for test class [front.jnp2.FrontJnp2ApplicationTests]: FrontJnp2ApplicationTests does not declare any static, non-private, non-final, nested classes annotated with @Configuration.
19:20:07.766 [Test worker] DEBUG org.springframework.test.context.support.ActiveProfilesUtils - Could not find an 'annotation declaring class' for annotation type [org.springframework.test.context.ActiveProfiles] and class [front.jnp2.FrontJnp2ApplicationTests]
19:20:07.817 [Test worker] DEBUG org.springframework.context.annotation.ClassPathScanningCandidateComponentProvider - Identified candidate component class: file [/home/neo/IdeaProjects/JNP2/frontend/build/classes/java/main/front/jnp2/FrontJnp2Application.class]
19:20:07.818 [Test worker] INFO org.springframework.boot.test.context.SpringBootTestContextBootstrapper - Found @SpringBootConfiguration front.jnp2.FrontJnp2Application for test class front.jnp2.FrontJnp2ApplicationTests
19:20:07.885 [Test worker] DEBUG org.springframework.boot.test.context.SpringBootTestContextBootstrapper - @TestExecutionListeners is not present for class [front.jnp2.FrontJnp2ApplicationTests]: using defaults.
19:20:07.885 [Test worker] INFO org.springframework.boot.test.context.SpringBootTestContextBootstrapper - Loaded default TestExecutionListener class names from location [META-INF/spring.factories]: [org.springframework.boot.test.autoconfigure.restdocs.RestDocsTestExecutionListener, org.springframework.boot.test.autoconfigure.web.client.MockRestServiceServerResetTestExecutionListener, org.springframework.boot.test.autoconfigure.web.servlet.MockMvcPrintOnlyOnFailureTestExecutionListener, org.springframework.boot.test.autoconfigure.web.servlet.WebDriverTestExecutionListener, org.springframework.boot.test.autoconfigure.webservices.client.MockWebServiceServerTestExecutionListener, org.springframework.boot.test.mock.mockito.MockitoTestExecutionListener, org.springframework.boot.test.mock.mockito.ResetMocksTestExecutionListener, org.springframework.test.context.web.ServletTestExecutionListener, org.springframework.test.context.support.DirtiesContextBeforeModesTestExecutionListener, org.springframework.test.context.event.ApplicationEventsTestExecutionListener, org.springframework.test.context.support.DependencyInjectionTestExecutionListener, org.springframework.test.context.support.DirtiesContextTestExecutionListener, org.springframework.test.context.transaction.TransactionalTestExecutionListener, org.springframework.test.context.jdbc.SqlScriptsTestExecutionListener, org.springframework.test.context.event.EventPublishingTestExecutionListener]
19:20:07.899 [Test worker] INFO org.springframework.boot.test.context.SpringBootTestContextBootstrapper - Using TestExecutionListeners: [org.springframework.test.context.web.ServletTestExecutionListener@511aa0e0, org.springframework.test.context.support.DirtiesContextBeforeModesTestExecutionListener@6ccf2935, org.springframework.test.context.event.ApplicationEventsTestExecutionListener@643162cb, org.springframework.boot.test.mock.mockito.MockitoTestExecutionListener@1920f101, org.springframework.boot.test.autoconfigure.SpringBootDependencyInjectionTestExecutionListener@1d394f65, org.springframework.test.context.support.DirtiesContextTestExecutionListener@82a4b76, org.springframework.test.context.transaction.TransactionalTestExecutionListener@67624782, org.springframework.test.context.jdbc.SqlScriptsTestExecutionListener@79d40a96, org.springframework.test.context.event.EventPublishingTestExecutionListener@2e4130ae, org.springframework.boot.test.autoconfigure.restdocs.RestDocsTestExecutionListener@74eabfeb, org.springframework.boot.test.autoconfigure.web.client.MockRestServiceServerResetTestExecutionListener@141a8a3, org.springframework.boot.test.autoconfigure.web.servlet.MockMvcPrintOnlyOnFailureTestExecutionListener@589892a7, org.springframework.boot.test.autoconfigure.web.servlet.WebDriverTestExecutionListener@7f7b1d5a, org.springframework.boot.test.autoconfigure.webservices.client.MockWebServiceServerTestExecutionListener@5ecfe0b9, org.springframework.boot.test.mock.mockito.ResetMocksTestExecutionListener@52c74f73]
19:20:07.901 [Test worker] DEBUG org.springframework.test.context.support.AbstractDirtiesContextTestExecutionListener - Before test class: context [DefaultTestContext@361d6849 testClass = FrontJnp2ApplicationTests, testInstance = [null], testMethod = [null], testException = [null], mergedContextConfiguration = [WebMergedContextConfiguration@60e362a9 testClass = FrontJnp2ApplicationTests, locations = '{}', classes = '{class front.jnp2.FrontJnp2Application}', contextInitializerClasses = '[]', activeProfiles = '{}', propertySourceLocations = '{}', propertySourceProperties = '{org.springframework.boot.test.context.SpringBootTestContextBootstrapper=true}', contextCustomizers = set[org.springframework.boot.test.autoconfigure.actuate.metrics.MetricsExportContextCustomizerFactory$DisableMetricExportContextCustomizer@321db2bf, org.springframework.boot.test.autoconfigure.properties.PropertyMappingContextCustomizer@0, org.springframework.boot.test.autoconfigure.web.servlet.WebDriverContextCustomizerFactory$Customizer@26f53de2, org.springframework.boot.test.context.filter.ExcludeFilterContextCustomizer@3e3f806a, org.springframework.boot.test.json.DuplicateJsonObjectContextCustomizerFactory$DuplicateJsonObjectContextCustomizer@62a59711, org.springframework.boot.test.mock.mockito.MockitoContextCustomizer@0, org.springframework.boot.test.web.client.TestRestTemplateContextCustomizer@441ebf47, org.springframework.boot.test.context.SpringBootTestArgs@1, org.springframework.boot.test.context.SpringBootTestWebEnvironment@1c42e899], resourceBasePath = 'src/main/webapp', contextLoader = 'org.springframework.boot.test.context.SpringBootContextLoader', parent = [null]], attributes = map['org.springframework.test.context.web.ServletTestExecutionListener.activateListener' -> true]], class annotated with @DirtiesContext [false] with mode [null].
19:20:07.928 [Test worker] DEBUG org.springframework.test.context.support.TestPropertySourceUtils - Adding inlined properties to environment: {spring.jmx.enabled=false, org.springframework.boot.test.context.SpringBootTestContextBootstrapper=true}

  .   ____          _            __ _ _
 /\\ / ___'_ __ _ _(_)_ __  __ _ \ \ \ \
( ( )\___ | '_ | '_| | '_ \/ _` | \ \ \ \
 \\/  ___)| |_)| | | | | || (_| |  ) ) ) )
  '  |____| .__|_| |_|_| |_\__, | / / / /
 =========|_|==============|___/=/_/_/_/
 :: Spring Boot ::                (v2.5.2)

2021-07-04 19:20:08.191  INFO 13494 --- [    Test worker] front.jnp2.FrontJnp2ApplicationTests     : Starting FrontJnp2ApplicationTests using Java 14.0.2 on neo with PID 13494 (started by neo in /home/neo/IdeaProjects/JNP2/frontend)
2021-07-04 19:20:08.198  INFO 13494 --- [    Test worker] front.jnp2.FrontJnp2ApplicationTests     : No active profile set, falling back to default profiles: default
2021-07-04 19:20:08.840  INFO 13494 --- [    Test worker] .s.d.r.c.RepositoryConfigurationDelegate : Bootstrapping Spring Data JPA repositories in DEFAULT mode.
2021-07-04 19:20:08.855  INFO 13494 --- [    Test worker] .s.d.r.c.RepositoryConfigurationDelegate : Finished Spring Data repository scanning in 8 ms. Found 0 JPA repository interfaces.
2021-07-04 19:20:09.332  INFO 13494 --- [    Test worker] com.zaxxer.hikari.HikariDataSource       : HikariPool-1 - Starting...
2021-07-04 19:20:09.485  INFO 13494 --- [    Test worker] com.zaxxer.hikari.HikariDataSource       : HikariPool-1 - Start completed.
2021-07-04 19:20:09.539  INFO 13494 --- [    Test worker] o.hibernate.jpa.internal.util.LogHelper  : HHH000204: Processing PersistenceUnitInfo [name: default]
2021-07-04 19:20:09.580  INFO 13494 --- [    Test worker] org.hibernate.Version                    : HHH000412: Hibernate ORM core version 5.4.32.Final
2021-07-04 19:20:09.716  INFO 13494 --- [    Test worker] o.hibernate.annotations.common.Version   : HCANN000001: Hibernate Commons Annotations {5.1.2.Final}
2021-07-04 19:20:09.821  INFO 13494 --- [    Test worker] org.hibernate.dialect.Dialect            : HHH000400: Using dialect: org.hibernate.dialect.H2Dialect
2021-07-04 19:20:10.004  INFO 13494 --- [    Test worker] o.h.e.t.j.p.i.JtaPlatformInitiator       : HHH000490: Using JtaPlatform implementation: [org.hibernate.engine.transaction.jta.platform.internal.NoJtaPlatform]
2021-07-04 19:20:10.011  INFO 13494 --- [    Test worker] j.LocalContainerEntityManagerFactoryBean : Initialized JPA EntityManagerFactory for persistence unit 'default'
2021-07-04 19:20:10.210  WARN 13494 --- [    Test worker] JpaBaseConfiguration$JpaWebConfiguration : spring.jpa.open-in-view is enabled by default. Therefore, database queries may be performed during view rendering. Explicitly configure spring.jpa.open-in-view to disable this warning
2021-07-04 19:20:10.754  INFO 13494 --- [    Test worker] front.jnp2.FrontJnp2ApplicationTests     : Started FrontJnp2ApplicationTests in 2.821 seconds (JVM running for 3.649)
]]></system-out>
  <system-err><![CDATA[]]></system-err>
</testsuite>
